<?xml version="1.0" encoding="UTF-8"?>
<!-- Generated by org.testng.reporters.JUnitReportReporter -->
<testsuite hostname="Lokesh" failures="0" tests="1" name="sample.practiceTEST" time="0.070" errors="0" timestamp="13 Jul 2023 07:07:22 GMT" skipped="0">
  <testcase classname="sample.practiceTEST" name="mtest" time="0.070"/>
</testsuite> <!-- sample.practiceTEST -->
